CRITICAL - 2024-11-12 03:19:36 --> ErrorException: Trying to access array offset on value of type null
[Method: GET, Route: login]
in APPPATH\Controllers\LoginController.php on line 14.
 1 APPPATH\Controllers\LoginController.php(14): CodeIgniter\Debug\Exceptions->errorHandler(2, 'Trying to access array offset on value of type null', 'D:\\Semester 5\\Pemrograman IV\\SERVERMOBILE\\app\\Controllers\\LoginController.php', 14)
 2 SYSTEMPATH\CodeIgniter.php(933): App\Controllers\LoginController->index()
 3 SYSTEMPATH\CodeIgniter.php(509): CodeIgniter\CodeIgniter->runController(Object(App\Controllers\LoginController))
 4 SYSTEMPATH\CodeIgniter.php(355): CodeIgniter\CodeIgniter->handleRequest(null, Object(Config\Cache), false)
 5 SYSTEMPATH\Boot.php(325): CodeIgniter\CodeIgniter->run()
 6 SYSTEMPATH\Boot.php(67): CodeIgniter\Boot::runCodeIgniter(Object(CodeIgniter\CodeIgniter))
 7 FCPATH\index.php(56): CodeIgniter\Boot::bootWeb(Object(Config\Paths))
 8 SYSTEMPATH\rewrite.php(44): require_once('D:\\Semester 5\\Pemrograman IV\\SERVERMOBILE\\public\\index.php')
CRITICAL - 2024-11-12 03:26:16 --> ErrorException: Trying to access array offset on value of type null
[Method: GET, Route: login]
in APPPATH\Controllers\LoginController.php on line 14.
 1 APPPATH\Controllers\LoginController.php(14): CodeIgniter\Debug\Exceptions->errorHandler(2, 'Trying to access array offset on value of type null', 'C:\\xampp\\htdocs\\SERVERMOBILE\\app\\Controllers\\LoginController.php', 14)
 2 SYSTEMPATH\CodeIgniter.php(933): App\Controllers\LoginController->index()
 3 SYSTEMPATH\CodeIgniter.php(509): CodeIgniter\CodeIgniter->runController(Object(App\Controllers\LoginController))
 4 SYSTEMPATH\CodeIgniter.php(355): CodeIgniter\CodeIgniter->handleRequest(null, Object(Config\Cache), false)
 5 SYSTEMPATH\Boot.php(325): CodeIgniter\CodeIgniter->run()
 6 SYSTEMPATH\Boot.php(67): CodeIgniter\Boot::runCodeIgniter(Object(CodeIgniter\CodeIgniter))
 7 FCPATH\index.php(56): CodeIgniter\Boot::bootWeb(Object(Config\Paths))
 8 SYSTEMPATH\rewrite.php(44): require_once('C:\\xampp\\htdocs\\SERVERMOBILE\\public\\index.php')
CRITICAL - 2024-11-12 03:29:25 --> ErrorException: Undefined variable $loginSukses
[Method: GET, Route: login]
in APPPATH\Controllers\LoginController.php on line 23.
 1 APPPATH\Controllers\LoginController.php(23): CodeIgniter\Debug\Exceptions->errorHandler(2, 'Undefined variable $loginSukses', 'C:\\xampp\\htdocs\\SERVERMOBILE\\app\\Controllers\\LoginController.php', 23)
 2 SYSTEMPATH\CodeIgniter.php(933): App\Controllers\LoginController->index()
 3 SYSTEMPATH\CodeIgniter.php(509): CodeIgniter\CodeIgniter->runController(Object(App\Controllers\LoginController))
 4 SYSTEMPATH\CodeIgniter.php(355): CodeIgniter\CodeIgniter->handleRequest(null, Object(Config\Cache), false)
 5 SYSTEMPATH\Boot.php(325): CodeIgniter\CodeIgniter->run()
 6 SYSTEMPATH\Boot.php(67): CodeIgniter\Boot::runCodeIgniter(Object(CodeIgniter\CodeIgniter))
 7 FCPATH\index.php(56): CodeIgniter\Boot::bootWeb(Object(Config\Paths))
 8 SYSTEMPATH\rewrite.php(44): require_once('C:\\xampp\\htdocs\\SERVERMOBILE\\public\\index.php')
